build/app/intermediates/manifest_merge_blame_file/release/manifest-merger-blame-release-report.txt
1<?xml version="1.0" encoding="utf-8"?>
2<manifest xmlns:android="http://schemas.android.com/apk/res/android"
3    package="test.app.rightware"
4    android:versionCode="6"
5    android:versionName="1.0.5" >
6
7    <uses-sdk
8        android:minSdkVersion="21"
8-->src\main\AndroidManifest.xml
9        android:targetSdkVersion="30" />
9-->src\main\AndroidManifest.xml
10
11    <uses-permission android:name="android.permission.INTERNET" />
11-->src\main\AndroidManifest.xml:105:5-66
11-->src\main\AndroidManifest.xml:105:22-64
12    <uses-permission android:name="android.permission.ACCESS_NETWORK_STATE" />
12-->[:firebase_analytics] AndroidManifest.xml:7:5-79
12-->[:firebase_analytics] AndroidManifest.xml:7:22-76
13    <uses-permission android:name="android.permission.WAKE_LOCK" />
13-->[:firebase_analytics] AndroidManifest.xml:9:5-68
13-->[:firebase_analytics] AndroidManifest.xml:9:22-65
14    <uses-permission android:name="android.permission.RECEIVE_BOOT_COMPLETED" />
14-->[:flutter_local_notifications] AndroidManifest.xml:7:5-81
14-->[:flutter_local_notifications] AndroidManifest.xml:7:22-78
15    <uses-permission android:name="android.permission.VIBRATE" />
15-->[:flutter_local_notifications] AndroidManifest.xml:8:5-66
15-->[:flutter_local_notifications] AndroidManifest.xml:8:22-63
16    <uses-permission android:name="android.permission.USE_FULL_SCREEN_INTENT" />
16-->[:flutter_local_notifications] AndroidManifest.xml:9:5-81
16-->[:flutter_local_notifications] AndroidManifest.xml:9:22-78
17    <uses-permission android:name="android.permission.ACCESS_COARSE_LOCATION" />
17-->[:location] AndroidManifest.xml:7:5-81
17-->[:location] AndroidManifest.xml:7:22-78
18    <uses-permission android:name="android.permission.ACCESS_FINE_LOCATION" /> <!-- Required by older versions of Google Play services to create IID tokens -->
18-->[:location] AndroidManifest.xml:8:5-79
18-->[:location] AndroidManifest.xml:8:22-76
19    <uses-permission android:name="com.google.android.c2dm.permission.RECEIVE" />
19-->[com.google.firebase:firebase-messaging:22.0.0] AndroidManifest.xml:25:5-82
19-->[com.google.firebase:firebase-messaging:22.0.0] AndroidManifest.xml:25:22-79
20    <uses-permission android:name="com.google.android.finsky.permission.BIND_GET_INSTALL_REFERRER_SERVICE" />
20-->[com.google.android.gms:play-services-measurement:19.0.0] AndroidManifest.xml:26:5-110
20-->[com.google.android.gms:play-services-measurement:19.0.0] AndroidManifest.xml:26:22-107
21
22    <application
22-->src\main\AndroidManifest.xml:4:5-104:19
23        android:name="io.flutter.app.FlutterApplication"
23-->src\main\AndroidManifest.xml:5:9-57
24        android:appComponentFactory="androidx.core.app.CoreComponentFactory"
24-->[androidx.core:core:1.3.2] AndroidManifest.xml:24:18-86
25        android:icon="@mipmap/ic_launcher"
25-->src\main\AndroidManifest.xml:7:9-43
26        android:label="RightWare" >
26-->src\main\AndroidManifest.xml:6:9-34
27        <activity
27-->src\main\AndroidManifest.xml:8:9-98:20
28            android:name="test.app.rightware.MainActivity"
28-->src\main\AndroidManifest.xml:9:13-41
29            android:configChanges="orientation|keyboardHidden|keyboard|screenSize|smallestScreenSize|locale|layoutDirection|fontScale|screenLayout|density|uiMode"
29-->src\main\AndroidManifest.xml:12:13-163
30            android:hardwareAccelerated="true"
30-->src\main\AndroidManifest.xml:13:13-47
31            android:launchMode="singleTop"
31-->src\main\AndroidManifest.xml:10:13-43
32            android:theme="@style/LaunchTheme"
32-->src\main\AndroidManifest.xml:11:13-47
33            android:windowSoftInputMode="adjustResize" >
33-->src\main\AndroidManifest.xml:14:13-55
34
35            <!--
36                 Specifies an Android theme to apply to this Activity as soon as
37                 the Android process has started. This theme is visible to the user
38                 while the Flutter UI initializes. After that, this theme continues
39                 to determine the Window background behind the Flutter UI.
40            -->
41            <meta-data
41-->src\main\AndroidManifest.xml:19:13-22:17
42                android:name="io.flutter.embedding.android.NormalTheme"
42-->src\main\AndroidManifest.xml:20:15-70
43                android:resource="@style/NormalTheme" />
43-->src\main\AndroidManifest.xml:21:15-52
44            <!-- <meta-data -->
45            <!-- android:name="io.flutter.embedding.android.SplashScreenDrawable" -->
46            <!-- android:resource="@drawable/launch_background" -->
47            <!-- /> -->
48            <intent-filter>
48-->src\main\AndroidManifest.xml:27:13-30:29
49                <action android:name="android.intent.action.MAIN" />
49-->src\main\AndroidManifest.xml:28:17-68
49-->src\main\AndroidManifest.xml:28:25-66
50
51                <category android:name="android.intent.category.LAUNCHER" />
51-->src\main\AndroidManifest.xml:29:17-76
51-->src\main\AndroidManifest.xml:29:27-74
52            </intent-filter>
53            <intent-filter>
53-->src\main\AndroidManifest.xml:32:13-38:29
54                <action android:name="android.intent.action.VIEW" />
54-->src\main\AndroidManifest.xml:33:17-69
54-->src\main\AndroidManifest.xml:33:25-66
55
56                <category android:name="android.intent.category.DEFAULT" />
56-->src\main\AndroidManifest.xml:34:17-76
56-->src\main\AndroidManifest.xml:34:27-73
57                <category android:name="android.intent.category.BROWSABLE" />
57-->src\main\AndroidManifest.xml:35:17-78
57-->src\main\AndroidManifest.xml:35:27-75
58
59                <data
59-->src\main\AndroidManifest.xml:36:17-79
60                    android:host="maps.google.com"
60-->src\main\AndroidManifest.xml:36:46-76
61                    android:scheme="https" />
61-->src\main\AndroidManifest.xml:36:23-45
62                <data android:scheme="geo" />
62-->src\main\AndroidManifest.xml:36:17-79
62-->src\main\AndroidManifest.xml:36:23-45
63            </intent-filter>
64
65            <!-- standard "geo" scheme -->
66            <intent-filter>
66-->src\main\AndroidManifest.xml:41:13-48:29
67                <action android:name="android.intent.action.VIEW" />
67-->src\main\AndroidManifest.xml:33:17-69
67-->src\main\AndroidManifest.xml:33:25-66
68
69                <category android:name="android.intent.category.DEFAULT" />
69-->src\main\AndroidManifest.xml:34:17-76
69-->src\main\AndroidManifest.xml:34:27-73
70                <category android:name="android.intent.category.BROWSABLE" />
70-->src\main\AndroidManifest.xml:35:17-78
70-->src\main\AndroidManifest.xml:35:27-75
71
72                <data android:scheme="geo" />
72-->src\main\AndroidManifest.xml:36:17-79
72-->src\main\AndroidManifest.xml:36:23-45
73            </intent-filter>
74            <intent-filter>
74-->src\main\AndroidManifest.xml:50:13-57:29
75                <action android:name="android.intent.action.VIEW" />
75-->src\main\AndroidManifest.xml:33:17-69
75-->src\main\AndroidManifest.xml:33:25-66
76
77                <category android:name="android.intent.category.DEFAULT" />
77-->src\main\AndroidManifest.xml:34:17-76
77-->src\main\AndroidManifest.xml:34:27-73
78                <category android:name="android.intent.category.BROWSABLE" />
78-->src\main\AndroidManifest.xml:35:17-78
78-->src\main\AndroidManifest.xml:35:27-75
79
80                <data android:scheme="ge0" />
80-->src\main\AndroidManifest.xml:36:17-79
80-->src\main\AndroidManifest.xml:36:23-45
81            </intent-filter>
82            <intent-filter>
82-->src\main\AndroidManifest.xml:59:13-67:29
83                <action android:name="android.intent.action.VIEW" />
83-->src\main\AndroidManifest.xml:33:17-69
83-->src\main\AndroidManifest.xml:33:25-66
84
85                <category android:name="android.intent.category.DEFAULT" />
85-->src\main\AndroidManifest.xml:34:17-76
85-->src\main\AndroidManifest.xml:34:27-73
86                <category android:name="android.intent.category.BROWSABLE" />
86-->src\main\AndroidManifest.xml:35:17-78
86-->src\main\AndroidManifest.xml:35:27-75
87
88                <data
88-->src\main\AndroidManifest.xml:36:17-79
89                    android:host="ge0.me"
89-->src\main\AndroidManifest.xml:36:46-76
90                    android:scheme="https" />
90-->src\main\AndroidManifest.xml:36:23-45
91                <data
91-->src\main\AndroidManifest.xml:36:17-79
92                    android:host="ge0.me"
92-->src\main\AndroidManifest.xml:36:46-76
93                    android:scheme="http" />
93-->src\main\AndroidManifest.xml:36:23-45
94            </intent-filter>
95            <intent-filter>
95-->src\main\AndroidManifest.xml:69:13-77:29
96                <action android:name="android.intent.action.VIEW" />
96-->src\main\AndroidManifest.xml:33:17-69
96-->src\main\AndroidManifest.xml:33:25-66
97
98                <category android:name="android.intent.category.DEFAULT" />
98-->src\main\AndroidManifest.xml:34:17-76
98-->src\main\AndroidManifest.xml:34:27-73
99                <category android:name="android.intent.category.BROWSABLE" />
99-->src\main\AndroidManifest.xml:35:17-78
99-->src\main\AndroidManifest.xml:35:27-75
100
101                <data
101-->src\main\AndroidManifest.xml:36:17-79
102                    android:host="maps.google.com"
102-->src\main\AndroidManifest.xml:36:46-76
103                    android:scheme="https" />
103-->src\main\AndroidManifest.xml:36:23-45
104                <data
104-->src\main\AndroidManifest.xml:36:17-79
105                    android:host="maps.google.com"
105-->src\main\AndroidManifest.xml:36:46-76
106                    android:scheme="http" />
106-->src\main\AndroidManifest.xml:36:23-45
107            </intent-filter>
108            <intent-filter>
108-->src\main\AndroidManifest.xml:79:13-87:29
109                <action android:name="android.intent.action.VIEW" />
109-->src\main\AndroidManifest.xml:33:17-69
109-->src\main\AndroidManifest.xml:33:25-66
110
111                <category android:name="android.intent.category.DEFAULT" />
111-->src\main\AndroidManifest.xml:34:17-76
111-->src\main\AndroidManifest.xml:34:27-73
112                <category android:name="android.intent.category.BROWSABLE" />
112-->src\main\AndroidManifest.xml:35:17-78
112-->src\main\AndroidManifest.xml:35:27-75
113
114                <data
114-->src\main\AndroidManifest.xml:36:17-79
115                    android:host="lead"
115-->src\main\AndroidManifest.xml:36:46-76
116                    android:scheme="mapsme" />
116-->src\main\AndroidManifest.xml:36:23-45
117                <data
117-->src\main\AndroidManifest.xml:36:17-79
118                    android:host="lead"
118-->src\main\AndroidManifest.xml:36:46-76
119                    android:scheme="mapswithme" />
119-->src\main\AndroidManifest.xml:36:23-45
120            </intent-filter>
121            <intent-filter>
121-->src\main\AndroidManifest.xml:89:13-96:29
122                <action android:name="android.intent.action.VIEW" />
122-->src\main\AndroidManifest.xml:33:17-69
122-->src\main\AndroidManifest.xml:33:25-66
123
124                <category android:name="android.intent.category.DEFAULT" />
124-->src\main\AndroidManifest.xml:34:17-76
124-->src\main\AndroidManifest.xml:34:27-73
125                <category android:name="android.intent.category.BROWSABLE" />
125-->src\main\AndroidManifest.xml:35:17-78
125-->src\main\AndroidManifest.xml:35:27-75
126
127                <data android:scheme="mapsme" />
127-->src\main\AndroidManifest.xml:36:17-79
127-->src\main\AndroidManifest.xml:36:23-45
128            </intent-filter>
129        </activity>
130        <!--
131             Don't delete the meta-data below.
132             This is used by the Flutter tool to generate GeneratedPluginRegistrant.java
133        -->
134        <meta-data
134-->src\main\AndroidManifest.xml:101:9-103:33
135            android:name="flutterEmbedding"
135-->src\main\AndroidManifest.xml:102:13-44
136            android:value="2" />
136-->src\main\AndroidManifest.xml:103:13-30
137
138        <service
138-->[:firebase_crashlytics] AndroidManifest.xml:8:9-12:19
139            android:name="com.google.firebase.components.ComponentDiscoveryService"
139-->[:firebase_crashlytics] AndroidManifest.xml:8:18-89
140            android:directBootAware="true"
140-->[com.google.firebase:firebase-common:20.0.0] AndroidManifest.xml:35:13-43
141            android:exported="false" >
141-->[com.google.firebase:firebase-perf:20.0.1] AndroidManifest.xml:22:13-37
142            <meta-data
142-->[:firebase_crashlytics] AndroidManifest.xml:9:13-11:85
143                android:name="com.google.firebase.components:io.flutter.plugins.firebase.crashlytics.FlutterFirebaseAppRegistrar"
143-->[:firebase_crashlytics] AndroidManifest.xml:10:17-130
144                android:value="com.google.firebase.components.ComponentRegistrar" />
144-->[:firebase_crashlytics] AndroidManifest.xml:11:17-82
145            <meta-data
145-->[:cloud_firestore] AndroidManifest.xml:9:13-11:85
146                android:name="com.google.firebase.components:io.flutter.plugins.firebase.firestore.FlutterFirebaseFirestoreRegistrar"
146-->[:cloud_firestore] AndroidManifest.xml:10:17-134
147                android:value="com.google.firebase.components.ComponentRegistrar" />
147-->[:cloud_firestore] AndroidManifest.xml:11:17-82
148            <meta-data
148-->[:firebase_performance] AndroidManifest.xml:11:13-13:85
149                android:name="com.google.firebase.components:io.flutter.plugins.firebaseperformance.FlutterFirebaseAppRegistrar"
149-->[:firebase_performance] AndroidManifest.xml:12:17-129
150                android:value="com.google.firebase.components.ComponentRegistrar" />
150-->[:firebase_performance] AndroidManifest.xml:13:17-82
151            <meta-data
151-->[:firebase_analytics] AndroidManifest.xml:13:13-15:85
152                android:name="com.google.firebase.components:io.flutter.plugins.firebaseanalytics.FlutterFirebaseAppRegistrar"
152-->[:firebase_analytics] AndroidManifest.xml:14:17-127
153                android:value="com.google.firebase.components.ComponentRegistrar" />
153-->[:firebase_analytics] AndroidManifest.xml:15:17-82
154            <meta-data
154-->[:firebase_auth] AndroidManifest.xml:9:13-11:85
155                android:name="com.google.firebase.components:io.flutter.plugins.firebase.auth.FlutterFirebaseAuthRegistrar"
155-->[:firebase_auth] AndroidManifest.xml:10:17-124
156                android:value="com.google.firebase.components.ComponentRegistrar" />
156-->[:firebase_auth] AndroidManifest.xml:11:17-82
157            <meta-data
157-->[:firebase_remote_config] AndroidManifest.xml:9:13-11:85
158                android:name="com.google.firebase.components:io.flutter.plugins.firebase.firebaseremoteconfig.FlutterFirebaseAppRegistrar"
158-->[:firebase_remote_config] AndroidManifest.xml:10:17-139
159                android:value="com.google.firebase.components.ComponentRegistrar" />
159-->[:firebase_remote_config] AndroidManifest.xml:11:17-82
160            <meta-data
160-->[:firebase_messaging] AndroidManifest.xml:34:13-36:85
161                android:name="com.google.firebase.components:io.flutter.plugins.firebase.messaging.FlutterFirebaseAppRegistrar"
161-->[:firebase_messaging] AndroidManifest.xml:35:17-128
162                android:value="com.google.firebase.components.ComponentRegistrar" />
162-->[:firebase_messaging] AndroidManifest.xml:36:17-82
163            <meta-data
163-->[:firebase_core] AndroidManifest.xml:9:13-11:85
164                android:name="com.google.firebase.components:io.flutter.plugins.firebase.core.FlutterFirebaseCoreRegistrar"
164-->[:firebase_core] AndroidManifest.xml:10:17-124
165                android:value="com.google.firebase.components.ComponentRegistrar" />
165-->[:firebase_core] AndroidManifest.xml:11:17-82
166            <meta-data
166-->[com.google.firebase:firebase-perf:20.0.1] AndroidManifest.xml:23:13-25:85
167                android:name="com.google.firebase.components:com.google.firebase.perf.FirebasePerfRegistrar"
167-->[com.google.firebase:firebase-perf:20.0.1] AndroidManifest.xml:24:17-109
168                android:value="com.google.firebase.components.ComponentRegistrar" />
168-->[com.google.firebase:firebase-perf:20.0.1] AndroidManifest.xml:25:17-82
169            <meta-data
169-->[com.google.firebase:firebase-auth:21.0.1] AndroidManifest.xml:77:13-79:85
170                android:name="com.google.firebase.components:com.google.firebase.auth.FirebaseAuthRegistrar"
170-->[com.google.firebase:firebase-auth:21.0.1] AndroidManifest.xml:78:17-109
171                android:value="com.google.firebase.components.ComponentRegistrar" />
171-->[com.google.firebase:firebase-auth:21.0.1] AndroidManifest.xml:79:17-82
172            <meta-data
172-->[com.google.firebase:firebase-firestore:23.0.1] AndroidManifest.xml:20:13-22:85
173                android:name="com.google.firebase.components:com.google.firebase.firestore.FirestoreRegistrar"
173-->[com.google.firebase:firebase-firestore:23.0.1] AndroidManifest.xml:21:17-111
174                android:value="com.google.firebase.components.ComponentRegistrar" />
174-->[com.google.firebase:firebase-firestore:23.0.1] AndroidManifest.xml:22:17-82
175            <meta-data
175-->[com.google.firebase:firebase-config:21.0.0] AndroidManifest.xml:32:13-34:85
176                android:name="com.google.firebase.components:com.google.firebase.remoteconfig.RemoteConfigRegistrar"
176-->[com.google.firebase:firebase-config:21.0.0] AndroidManifest.xml:33:17-117
177                android:value="com.google.firebase.components.ComponentRegistrar" />
177-->[com.google.firebase:firebase-config:21.0.0] AndroidManifest.xml:34:17-82
178            <meta-data
178-->[com.google.firebase:firebase-messaging:22.0.0] AndroidManifest.xml:52:13-54:85
179                android:name="com.google.firebase.components:com.google.firebase.messaging.FirebaseMessagingRegistrar"
179-->[com.google.firebase:firebase-messaging:22.0.0] AndroidManifest.xml:53:17-119
180                android:value="com.google.firebase.components.ComponentRegistrar" />
180-->[com.google.firebase:firebase-messaging:22.0.0] AndroidManifest.xml:54:17-82
181            <meta-data
181-->[com.google.firebase:firebase-crashlytics:18.0.1] AndroidManifest.xml:18:13-20:85
182                android:name="com.google.firebase.components:com.google.firebase.crashlytics.CrashlyticsRegistrar"
182-->[com.google.firebase:firebase-crashlytics:18.0.1] AndroidManifest.xml:19:17-115
183                android:value="com.google.firebase.components.ComponentRegistrar" />
183-->[com.google.firebase:firebase-crashlytics:18.0.1] AndroidManifest.xml:20:17-82
184            <meta-data
184-->[com.google.firebase:firebase-datatransport:18.0.0] AndroidManifest.xml:28:13-30:85
185                android:name="com.google.firebase.components:com.google.firebase.datatransport.TransportRegistrar"
185-->[com.google.firebase:firebase-datatransport:18.0.0] AndroidManifest.xml:29:17-115
186                android:value="com.google.firebase.components.ComponentRegistrar" />
186-->[com.google.firebase:firebase-datatransport:18.0.0] AndroidManifest.xml:30:17-82
187            <meta-data
187-->[com.google.android.gms:play-services-measurement-api:19.0.0] AndroidManifest.xml:30:13-32:85
188                android:name="com.google.firebase.components:com.google.firebase.analytics.connector.internal.AnalyticsConnectorRegistrar"
188-->[com.google.android.gms:play-services-measurement-api:19.0.0] AndroidManifest.xml:31:17-139
189                android:value="com.google.firebase.components.ComponentRegistrar" />
189-->[com.google.android.gms:play-services-measurement-api:19.0.0] AndroidManifest.xml:32:17-82
190            <meta-data
190-->[com.google.firebase:firebase-installations:17.0.0] AndroidManifest.xml:18:13-20:85
191                android:name="com.google.firebase.components:com.google.firebase.installations.FirebaseInstallationsRegistrar"
191-->[com.google.firebase:firebase-installations:17.0.0] AndroidManifest.xml:19:17-127
192                android:value="com.google.firebase.components.ComponentRegistrar" />
192-->[com.google.firebase:firebase-installations:17.0.0] AndroidManifest.xml:20:17-82
193            <meta-data
193-->[com.google.firebase:firebase-abt:21.0.0] AndroidManifest.xml:13:13-15:85
194                android:name="com.google.firebase.components:com.google.firebase.abt.component.AbtRegistrar"
194-->[com.google.firebase:firebase-abt:21.0.0] AndroidManifest.xml:14:17-109
195                android:value="com.google.firebase.components.ComponentRegistrar" />
195-->[com.google.firebase:firebase-abt:21.0.0] AndroidManifest.xml:15:17-82
196        </service>
197        <service
197-->[:firebase_messaging] AndroidManifest.xml:12:9-15:72
198            android:name="io.flutter.plugins.firebase.messaging.FlutterFirebaseMessagingBackgroundService"
198-->[:firebase_messaging] AndroidManifest.xml:13:13-107
199            android:exported="false"
199-->[:firebase_messaging] AndroidManifest.xml:14:13-37
200            android:permission="android.permission.BIND_JOB_SERVICE" />
200-->[:firebase_messaging] AndroidManifest.xml:15:13-69
201        <service
201-->[:firebase_messaging] AndroidManifest.xml:16:9-22:19
202            android:name="io.flutter.plugins.firebase.messaging.FlutterFirebaseMessagingService"
202-->[:firebase_messaging] AndroidManifest.xml:17:13-97
203            android:exported="false" >
203-->[:firebase_messaging] AndroidManifest.xml:18:13-37
204            <intent-filter>
204-->[:firebase_messaging] AndroidManifest.xml:19:13-21:29
205                <action android:name="com.google.firebase.MESSAGING_EVENT" />
205-->[:firebase_messaging] AndroidManifest.xml:20:17-78
205-->[:firebase_messaging] AndroidManifest.xml:20:25-75
206            </intent-filter>
207        </service>
208
209        <receiver
209-->[:firebase_messaging] AndroidManifest.xml:24:9-31:20
210            android:name="io.flutter.plugins.firebase.messaging.FlutterFirebaseMessagingReceiver"
210-->[:firebase_messaging] AndroidManifest.xml:25:13-98
211            android:exported="true"
211-->[:firebase_messaging] AndroidManifest.xml:26:13-36
212            android:permission="com.google.android.c2dm.permission.SEND" >
212-->[:firebase_messaging] AndroidManifest.xml:27:13-73
213            <intent-filter>
213-->[:firebase_messaging] AndroidManifest.xml:28:13-30:29
214                <action android:name="com.google.android.c2dm.intent.RECEIVE" />
214-->[:firebase_messaging] AndroidManifest.xml:29:17-81
214-->[:firebase_messaging] AndroidManifest.xml:29:25-78
215            </intent-filter>
216        </receiver>
217
218        <provider
218-->[:firebase_messaging] AndroidManifest.xml:39:9-43:38
219            android:name="io.flutter.plugins.firebase.messaging.FlutterFirebaseMessagingInitProvider"
219-->[:firebase_messaging] AndroidManifest.xml:40:13-102
220            android:authorities="test.app.rightware.flutterfirebasemessaginginitprovider"
220-->[:firebase_messaging] AndroidManifest.xml:41:13-88
221            android:exported="false"
221-->[:firebase_messaging] AndroidManifest.xml:42:13-37
222            android:initOrder="99" />
222-->[:firebase_messaging] AndroidManifest.xml:43:13-35
223        <provider
223-->[:image_picker] AndroidManifest.xml:8:9-16:20
224            android:name="io.flutter.plugins.imagepicker.ImagePickerFileProvider"
224-->[:image_picker] AndroidManifest.xml:9:13-82
225            android:authorities="test.app.rightware.flutter.image_provider"
225-->[:image_picker] AndroidManifest.xml:10:13-74
226            android:exported="false"
226-->[:image_picker] AndroidManifest.xml:11:13-37
227            android:grantUriPermissions="true" >
227-->[:image_picker] AndroidManifest.xml:12:13-47
228            <meta-data
228-->[:image_picker] AndroidManifest.xml:13:13-15:75
229                android:name="android.support.FILE_PROVIDER_PATHS"
229-->[:image_picker] AndroidManifest.xml:14:17-67
230                android:resource="@xml/flutter_image_picker_file_paths" />
230-->[:image_picker] AndroidManifest.xml:15:17-72
231        </provider>
232
233        <receiver android:name="com.dexterous.flutterlocalnotifications.ScheduledNotificationReceiver" />
233-->[:flutter_local_notifications] AndroidManifest.xml:12:9-106
233-->[:flutter_local_notifications] AndroidManifest.xml:12:19-103
234        <receiver android:name="com.dexterous.flutterlocalnotifications.ScheduledNotificationBootReceiver" >
234-->[:flutter_local_notifications] AndroidManifest.xml:13:9-20:20
234-->[:flutter_local_notifications] AndroidManifest.xml:13:19-107
235            <intent-filter>
235-->[:flutter_local_notifications] AndroidManifest.xml:14:13-19:29
236                <action android:name="android.intent.action.BOOT_COMPLETED" />
236-->[:flutter_local_notifications] AndroidManifest.xml:15:17-79
236-->[:flutter_local_notifications] AndroidManifest.xml:15:25-76
237                <action android:name="android.intent.action.MY_PACKAGE_REPLACED" />
237-->[:flutter_local_notifications] AndroidManifest.xml:16:17-84
237-->[:flutter_local_notifications] AndroidManifest.xml:16:25-81
238                <action android:name="android.intent.action.QUICKBOOT_POWERON" />
238-->[:flutter_local_notifications] AndroidManifest.xml:17:17-82
238-->[:flutter_local_notifications] AndroidManifest.xml:17:25-79
239                <action android:name="com.htc.intent.action.QUICKBOOT_POWERON" />
239-->[:flutter_local_notifications] AndroidManifest.xml:18:17-82
239-->[:flutter_local_notifications] AndroidManifest.xml:18:25-79
240            </intent-filter>
241        </receiver>
242
243        <activity
243-->[:url_launcher] AndroidManifest.xml:8:9-11:74
244            android:name="io.flutter.plugins.urllauncher.WebViewActivity"
244-->[:url_launcher] AndroidManifest.xml:9:13-74
245            android:exported="false"
245-->[:url_launcher] AndroidManifest.xml:10:13-37
246            android:theme="@android:style/Theme.NoTitleBar.Fullscreen" />
246-->[:url_launcher] AndroidManifest.xml:11:13-71
247
248        <provider
248-->[:share] AndroidManifest.xml:8:9-16:20
249            android:name="io.flutter.plugins.share.ShareFileProvider"
249-->[:share] AndroidManifest.xml:9:13-70
250            android:authorities="test.app.rightware.flutter.share_provider"
250-->[:share] AndroidManifest.xml:10:13-74
251            android:exported="false"
251-->[:share] AndroidManifest.xml:11:13-37
252            android:grantUriPermissions="true" >
252-->[:share] AndroidManifest.xml:12:13-47
253            <meta-data
253-->[:image_picker] AndroidManifest.xml:13:13-15:75
254                android:name="android.support.FILE_PROVIDER_PATHS"
254-->[:image_picker] AndroidManifest.xml:14:17-67
255                android:resource="@xml/flutter_share_file_paths" />
255-->[:image_picker] AndroidManifest.xml:15:17-72
256        </provider>
257
258        <service
258-->[:location] AndroidManifest.xml:11:9-15:56
259            android:name="com.lyokone.location.FlutterLocationService"
259-->[:location] AndroidManifest.xml:12:13-71
260            android:enabled="true"
260-->[:location] AndroidManifest.xml:13:13-35
261            android:exported="false"
261-->[:location] AndroidManifest.xml:14:13-37
262            android:foregroundServiceType="location" />
262-->[:location] AndroidManifest.xml:15:13-53
263
264        <provider
264-->[com.google.firebase:firebase-perf:20.0.1] AndroidManifest.xml:14:9-18:39
265            android:name="com.google.firebase.perf.provider.FirebasePerfProvider"
265-->[com.google.firebase:firebase-perf:20.0.1] AndroidManifest.xml:15:13-82
266            android:authorities="test.app.rightware.firebaseperfprovider"
266-->[com.google.firebase:firebase-perf:20.0.1] AndroidManifest.xml:16:13-72
267            android:exported="false"
267-->[com.google.firebase:firebase-perf:20.0.1] AndroidManifest.xml:17:13-37
268            android:initOrder="101" />
268-->[com.google.firebase:firebase-perf:20.0.1] AndroidManifest.xml:18:13-36
269
270        <activity
270-->[com.google.firebase:firebase-auth:21.0.1] AndroidManifest.xml:27:9-44:20
271            android:name="com.google.firebase.auth.internal.GenericIdpActivity"
271-->[com.google.firebase:firebase-auth:21.0.1] AndroidManifest.xml:28:13-80
272            android:excludeFromRecents="true"
272-->[com.google.firebase:firebase-auth:21.0.1] AndroidManifest.xml:29:13-46
273            android:exported="true"
273-->[com.google.firebase:firebase-auth:21.0.1] AndroidManifest.xml:30:13-36
274            android:launchMode="singleTask"
274-->[com.google.firebase:firebase-auth:21.0.1] AndroidManifest.xml:31:13-44
275            android:theme="@android:style/Theme.Translucent.NoTitleBar" >
275-->[com.google.firebase:firebase-auth:21.0.1] AndroidManifest.xml:32:13-72
276            <intent-filter>
276-->[com.google.firebase:firebase-auth:21.0.1] AndroidManifest.xml:33:13-43:29
277                <action android:name="android.intent.action.VIEW" />
277-->src\main\AndroidManifest.xml:33:17-69
277-->src\main\AndroidManifest.xml:33:25-66
278
279                <category android:name="android.intent.category.DEFAULT" />
279-->src\main\AndroidManifest.xml:34:17-76
279-->src\main\AndroidManifest.xml:34:27-73
280                <category android:name="android.intent.category.BROWSABLE" />
280-->src\main\AndroidManifest.xml:35:17-78
280-->src\main\AndroidManifest.xml:35:27-75
281
282                <data
282-->src\main\AndroidManifest.xml:36:17-79
283                    android:host="firebase.auth"
283-->src\main\AndroidManifest.xml:36:46-76
284                    android:path="/"
285                    android:scheme="genericidp" />
285-->src\main\AndroidManifest.xml:36:23-45
286            </intent-filter>
287        </activity>
288        <activity
288-->[com.google.firebase:firebase-auth:21.0.1] AndroidManifest.xml:45:9-62:20